<?xml version="1.0" encoding="UTF-8"?>
<!-- Generated by org.testng.reporters.JUnitXMLReporter -->
<testsuite hostname="EPINHYDW0793" ignored="0" name="SampleTest" tests="4" failures="0" timestamp="02 Jul 2019 10:29:46 GMT" time="0.052" errors="0">
  <testcase name="f" time="0.005" classname="automationpractice.SampleSite.myFirstTestngTest"/>
  <testcase name="AdditionTest" time="0.003" classname="automationpractice.SampleSite.DataProviderTest"/>
  <testcase name="AdditionTest" time="0.001" classname="automationpractice.SampleSite.DataProviderTest"/>
  <testcase name="AdditionTest" time="0.001" classname="automationpractice.SampleSite.DataProviderTest"/>
</testsuite> <!-- SampleTest -->
